0 info it worked if it ends with ok
1 verbose cli [ 'G:\\Programme\\nodejs\\node.exe',
1 verbose cli   'G:\\Programme\\nodejs\\node_modules\\npm\\bin\\npm-cli.js',
1 verbose cli   'start' ]
2 info using npm@3.10.10
3 info using node@v6.11.4
4 verbose run-script [ 'prestart', 'start', 'poststart' ]
5 info lifecycle main-api@0.0.1~prestart: main-api@0.0.1
6 silly lifecycle main-api@0.0.1~prestart: no script for prestart, continuing
7 info lifecycle main-api@0.0.1~start: main-api@0.0.1
8 verbose lifecycle main-api@0.0.1~start: unsafe-perm in lifecycle true
9 verbose lifecycle main-api@0.0.1~start: PATH: G:\Programme\nodejs\node_modules\npm\bin\node-gyp-bin;Y:\projektweb\WebStorm\main-api\node_modules\.bin;C:\Program Files\Docker\Docker\Resources\bin;C:\ProgramData\Oracle\Java\javapath;C:\Program Files\Microsoft MPI\Bin\;C:\Program Files (x86)\Common Files\Intel\Shared Libraries\redist\intel64\compiler;C:\Windows\system32;C:\Windows;C:\Windows\System32\Wbem;C:\Windows\System32\WindowsPowerShell\v1.0\;C:\Program Files (x86)\NVIDIA Corporation\PhysX\Common;C:\Program Files\Microsoft SQL Server\130\Tools\Binn\;C:\Program Files\dotnet\;G:\Programme\Go\bin;G:\Programme\Git\Git\cmd;C:\Program Files\Common Files\Autodesk Shared\;C:\Program Files (x86)\Autodesk\Backburner\;C:\Users\Xedon\AppData\Local\Microsoft\WindowsApps;G:\Programme\VisualStudo-Code\Microsoft VS Code\bin;C:\adb;C:\Android;C:\WINDOWS\system32;C:\WINDOWS;C:\WINDOWS\System32\Wbem;C:\WINDOWS\System32\WindowsPowerShell\v1.0\;G:\Programme\nodejs\;G:\Programme\Yarn\bin;C:\Program Files (x86)\Microsoft Emulator Manager\1.0\;C:\Users\Xedon\AppData\Local\Microsoft\WindowsApps;;C:\Users\Xedon\AppData\Roaming\npm;C:\Users\Xedon\AppData\Local\Yarn\bin;G:\Programme\VisualStudioCode\Microsoft VS Code\bin
10 verbose lifecycle main-api@0.0.1~start: CWD: Y:\projektweb\WebStorm\main-api
11 silly lifecycle main-api@0.0.1~start: Args: [ '/d /s /c', 'node server.js' ]
12 silly lifecycle main-api@0.0.1~start: Returned: code: 3221225786  signal: null
13 info lifecycle main-api@0.0.1~start: Failed to exec start script
14 verbose stack Error: main-api@0.0.1 start: `node server.js`
14 verbose stack Exit status 3221225786
14 verbose stack     at EventEmitter.<anonymous> (G:\Programme\nodejs\node_modules\npm\lib\utils\lifecycle.js:255:16)
14 verbose stack     at emitTwo (events.js:106:13)
14 verbose stack     at EventEmitter.emit (events.js:191:7)
14 verbose stack     at ChildProcess.<anonymous> (G:\Programme\nodejs\node_modules\npm\lib\utils\spawn.js:40:14)
14 verbose stack     at emitTwo (events.js:106:13)
14 verbose stack     at ChildProcess.emit (events.js:191:7)
14 verbose stack     at maybeClose (internal/child_process.js:920:16)
14 verbose stack     at Process.ChildProcess._handle.onexit (internal/child_process.js:230:5)
15 verbose pkgid main-api@0.0.1
16 verbose cwd Y:\projektweb\WebStorm\main-api
17 error Windows_NT 10.0.16299
18 error argv "G:\\Programme\\nodejs\\node.exe" "G:\\Programme\\nodejs\\node_modules\\npm\\bin\\npm-cli.js" "start"
19 error node v6.11.4
20 error npm  v3.10.10
21 error code ELIFECYCLE
22 error main-api@0.0.1 start: `node server.js`
22 error Exit status 3221225786
23 error Failed at the main-api@0.0.1 start script 'node server.js'.
23 error Make sure you have the latest version of node.js and npm installed.
23 error If you do, this is most likely a problem with the main-api package,
23 error not with npm itself.
23 error Tell the author that this fails on your system:
23 error     node server.js
23 error You can get information on how to open an issue for this project with:
23 error     npm bugs main-api
23 error Or if that isn't available, you can get their info via:
23 error     npm owner ls main-api
23 error There is likely additional logging output above.
24 verbose exit [ 1, true ]
